{
  "0 debug pnpm:scope": {
    "selected": 1,
    "total": 3
  },
  "1 info pnpm": {
    "err": {
      "name": "Error",
      "message": "@dev-demands/server@1.0.0 start: `node -r esm .`\nExit status 1",
      "code": "ELIFECYCLE",
      "stack": "Error: @dev-demands/server@1.0.0 start: `node -r esm .`\nExit status 1\n    at EventEmitter.<anonymous> (C:\\Users\\mateu\\AppData\\Roaming\\npm\\node_modules\\pnpm\\dist\\pnpm.cjs:104182:20)\n    at EventEmitter.emit (node:events:365:28)\n    at ChildProcess.<anonymous> (C:\\Users\\mateu\\AppData\\Roaming\\npm\\node_modules\\pnpm\\dist\\pnpm.cjs:92488:18)\n    at ChildProcess.emit (node:events:365:28)\n    at maybeClose (node:internal/child_process:1067:16)\n    at Process.ChildProcess._handle.onexit (node:internal/child_process:301:5)"
    }
  },
  "2 error pnpm": {
    "errno": 1,
    "code": "ERR_PNPM_RECURSIVE_RUN_FIRST_FAIL",
    "pkgid": "@dev-demands/server@1.0.0",
    "stage": "start",
    "script": "node -r esm .",
    "pkgname": "@dev-demands/server",
    "prefix": "D:\\arquivos\\gama_academy\\graphQL\\client-server-example\\packages\\server",
    "err": {
      "name": "Error",
      "message": "@dev-demands/server@1.0.0 start: `node -r esm .`\nExit status 1",
      "code": "ERR_PNPM_RECURSIVE_RUN_FIRST_FAIL",
      "stack": "Error: @dev-demands/server@1.0.0 start: `node -r esm .`\nExit status 1\n    at EventEmitter.<anonymous> (C:\\Users\\mateu\\AppData\\Roaming\\npm\\node_modules\\pnpm\\dist\\pnpm.cjs:104182:20)\n    at EventEmitter.emit (node:events:365:28)\n    at ChildProcess.<anonymous> (C:\\Users\\mateu\\AppData\\Roaming\\npm\\node_modules\\pnpm\\dist\\pnpm.cjs:92488:18)\n    at ChildProcess.emit (node:events:365:28)\n    at maybeClose (node:internal/child_process:1067:16)\n    at Process.ChildProcess._handle.onexit (node:internal/child_process:301:5)"
    }
  }
}